

Started GET "/brokers/62204" for 127.0.0.1 at 2012-08-31 23:59:46 +0800
  Processing by BrokersController#show as HTML
  Parameters: {"id"=>"62204"}
Completed 500 Internal Server Error in 131ms

ActiveRecord::StatementInvalid (Mysql2::Error: Table 'tomato.users' doesn't exist: SHOW FIELDS FROM `users`):
  app/models/user.rb:46:in `authenticate_with_salt'
  app/helpers/sessions_helper.rb:55:in `user_from_remember_token'
  app/helpers/sessions_helper.rb:14:in `current_user'
  app/helpers/sessions_helper.rb:18:in `signed_in?'
  app/helpers/sessions_helper.rb:31:in `authenticate'

Rendered /Users/hielf/.rvm/gems/ruby-1.9.3-p0/gems/actionpack-3.1.3/lib/action_dispatch/middleware/templates/rescues/_trace.erb (1.5ms)
Rendered /Users/hielf/.rvm/gems/ruby-1.9.3-p0/gems/actionpack-3.1.3/lib/action_dispatch/middleware/templates/rescues/_request_and_response.erb (1.1ms)
Rendered /Users/hielf/.rvm/gems/ruby-1.9.3-p0/gems/actionpack-3.1.3/lib/action_dispatch/middleware/templates/rescues/diagnostics.erb within rescues/layout (8.6ms)


Started GET "/signin" for 127.0.0.1 at 2012-09-01 00:00:06 +0800
  Processing by SessionsController#new as HTML
Rendered sessions/_fields.html.erb (4.5ms)
Rendered sessions/new.html.erb within layouts/application (102.9ms)
Completed 500 Internal Server Error in 116ms

ActionView::Template::Error (application.css isn't precompiled):
    9: 		<![endif]-->
    10: 		<%= include_gon %>
    11: 		<%= csrf_meta_tags %>
    12: 		<%= stylesheet_link_tag	   "application", :media => "all" %>
    13: 		<%= javascript_include_tag "application" %>
    14: 		<meta name="viewport" content="width=device-width, initial-scale=1.0">
    15: 	</head>
  app/views/layouts/application.html.erb:12:in `_app_views_layouts_application_html_erb___1562641386574709168_70339070606380'

Rendered /Users/hielf/.rvm/gems/ruby-1.9.3-p0/gems/actionpack-3.1.3/lib/action_dispatch/middleware/templates/rescues/_trace.erb (1.4ms)
Rendered /Users/hielf/.rvm/gems/ruby-1.9.3-p0/gems/actionpack-3.1.3/lib/action_dispatch/middleware/templates/rescues/_request_and_response.erb (1.0ms)
Rendered /Users/hielf/.rvm/gems/ruby-1.9.3-p0/gems/actionpack-3.1.3/lib/action_dispatch/middleware/templates/rescues/template_error.erb within rescues/layout (4.7ms)
